{"C:\\Users\\Juan Lucca\\Desktop\\backendchallenge\\src\\server.ts": {"path":"C:\\Users\\Juan Lucca\\Desktop\\backendchallenge\\src\\server.ts","statementMap":{"0":{"start":{"line":1,"column":0},"end":{"line":1,"column":30}},"1":{"start":{"line":2,"column":0},"end":{"line":2,"column":67}},"2":{"start":{"line":3,"column":0},"end":{"line":3,"column":23}},"3":{"start":{"line":4,"column":0},"end":{"line":4,"column":46}},"4":{"start":{"line":5,"column":0},"end":{"line":5,"column":50}},"5":{"start":{"line":6,"column":0},"end":{"line":6,"column":45}},"6":{"start":{"line":8,"column":15},"end":{"line":8,"column":33}},"7":{"start":{"line":9,"column":15},"end":{"line":9,"column":24}},"8":{"start":{"line":10,"column":13},"end":{"line":10,"column":29}},"9":{"start":{"line":12,"column":0},"end":{"line":12,"column":27}},"10":{"start":{"line":13,"column":0},"end":{"line":13,"column":25}},"11":{"start":{"line":14,"column":0},"end":{"line":26,"column":3}},"12":{"start":{"line":15,"column":2},"end":{"line":20,"column":null}},"13":{"start":{"line":16,"column":4},"end":{"line":19,"column":7}},"14":{"start":{"line":22,"column":2},"end":{"line":25,"column":5}},"15":{"start":{"line":28,"column":0},"end":{"line":30,"column":3}},"16":{"start":{"line":29,"column":2},"end":{"line":29,"column":35}},"17":{"start":{"line":32,"column":0},"end":{"line":32,"column":22}}},"fnMap":{"0":{"name":"(anonymous_1)","decl":{"start":{"line":14,"column":11},"end":{"line":14,"column":12}},"loc":{"start":{"line":14,"column":75},"end":{"line":26,"column":1}}},"1":{"name":"(anonymous_2)","decl":{"start":{"line":28,"column":20},"end":{"line":28,"column":23}},"loc":{"start":{"line":28,"column":25},"end":{"line":30,"column":1}}}},"branchMap":{"0":{"loc":{"start":{"line":15,"column":2},"end":{"line":20,"column":null}},"type":"if","locations":[{"start":{"line":15,"column":2},"end":{"line":20,"column":null}}]}},"s":{"0":1,"1":1,"2":1,"3":1,"4":1,"5":1,"6":1,"7":1,"8":1,"9":1,"10":1,"11":1,"12":0,"13":0,"14":0,"15":1,"16":1,"17":1},"f":{"0":0,"1":1},"b":{"0":[0]}}
,"C:\\Users\\Juan Lucca\\Desktop\\backendchallenge\\src\\controllers\\places.controller.ts": {"path":"C:\\Users\\Juan Lucca\\Desktop\\backendchallenge\\src\\controllers\\places.controller.ts","statementMap":{"0":{"start":{"line":3,"column":0},"end":{"line":3,"column":42}},"1":{"start":{"line":4,"column":0},"end":{"line":4,"column":46}},"2":{"start":{"line":6,"column":27},"end":{"line":26,"column":2}},"3":{"start":{"line":6,"column":65},"end":{"line":26,"column":2}},"4":{"start":{"line":7,"column":38},"end":{"line":7,"column":46}},"5":{"start":{"line":8,"column":20},"end":{"line":12,"column":4}},"6":{"start":{"line":13,"column":2},"end":{"line":15,"column":null}},"7":{"start":{"line":14,"column":4},"end":{"line":14,"column":47}},"8":{"start":{"line":17,"column":27},"end":{"line":24,"column":4}},"9":{"start":{"line":25,"column":2},"end":{"line":25,"column":40}},"10":{"start":{"line":6,"column":13},"end":{"line":6,"column":27}},"11":{"start":{"line":28,"column":29},"end":{"line":31,"column":2}},"12":{"start":{"line":28,"column":67},"end":{"line":31,"column":2}},"13":{"start":{"line":29,"column":20},"end":{"line":29,"column":50}},"14":{"start":{"line":30,"column":2},"end":{"line":30,"column":41}},"15":{"start":{"line":28,"column":13},"end":{"line":28,"column":29}},"16":{"start":{"line":33,"column":29},"end":{"line":47,"column":2}},"17":{"start":{"line":33,"column":67},"end":{"line":47,"column":2}},"18":{"start":{"line":34,"column":18},"end":{"line":34,"column":31}},"19":{"start":{"line":36,"column":20},"end":{"line":40,"column":4}},"20":{"start":{"line":42,"column":2},"end":{"line":46,"column":null}},"21":{"start":{"line":43,"column":4},"end":{"line":43,"column":43}},"22":{"start":{"line":45,"column":4},"end":{"line":45,"column":53}},"23":{"start":{"line":33,"column":13},"end":{"line":33,"column":29}},"24":{"start":{"line":49,"column":27},"end":{"line":73,"column":2}},"25":{"start":{"line":49,"column":65},"end":{"line":73,"column":2}},"26":{"start":{"line":50,"column":18},"end":{"line":50,"column":31}},"27":{"start":{"line":51,"column":38},"end":{"line":51,"column":46}},"28":{"start":{"line":53,"column":28},"end":{"line":55,"column":4}},"29":{"start":{"line":57,"column":2},"end":{"line":72,"column":null}},"30":{"start":{"line":58,"column":25},"end":{"line":68,"column":6}},"31":{"start":{"line":69,"column":4},"end":{"line":69,"column":46}},"32":{"start":{"line":71,"column":4},"end":{"line":71,"column":53}},"33":{"start":{"line":49,"column":13},"end":{"line":49,"column":27}},"34":{"start":{"line":75,"column":27},"end":{"line":92,"column":2}},"35":{"start":{"line":75,"column":65},"end":{"line":92,"column":2}},"36":{"start":{"line":76,"column":18},"end":{"line":76,"column":31}},"37":{"start":{"line":78,"column":28},"end":{"line":80,"column":4}},"38":{"start":{"line":82,"column":2},"end":{"line":91,"column":null}},"39":{"start":{"line":83,"column":25},"end":{"line":87,"column":6}},"40":{"start":{"line":88,"column":4},"end":{"line":88,"column":31}},"41":{"start":{"line":90,"column":4},"end":{"line":90,"column":53}},"42":{"start":{"line":75,"column":13},"end":{"line":75,"column":27}}},"fnMap":{"0":{"name":"(anonymous_7)","decl":{"start":{"line":6,"column":27},"end":{"line":6,"column":34}},"loc":{"start":{"line":6,"column":65},"end":{"line":26,"column":2}}},"1":{"name":"(anonymous_8)","decl":{"start":{"line":6,"column":65},"end":{"line":6,"column":null}},"loc":{"start":{"line":6,"column":65},"end":{"line":26,"column":1}}},"2":{"name":"(anonymous_9)","decl":{"start":{"line":28,"column":29},"end":{"line":28,"column":36}},"loc":{"start":{"line":28,"column":67},"end":{"line":31,"column":2}}},"3":{"name":"(anonymous_10)","decl":{"start":{"line":28,"column":67},"end":{"line":28,"column":null}},"loc":{"start":{"line":28,"column":67},"end":{"line":31,"column":1}}},"4":{"name":"(anonymous_11)","decl":{"start":{"line":33,"column":29},"end":{"line":33,"column":36}},"loc":{"start":{"line":33,"column":67},"end":{"line":47,"column":2}}},"5":{"name":"(anonymous_12)","decl":{"start":{"line":33,"column":67},"end":{"line":33,"column":null}},"loc":{"start":{"line":33,"column":67},"end":{"line":47,"column":1}}},"6":{"name":"(anonymous_13)","decl":{"start":{"line":49,"column":27},"end":{"line":49,"column":34}},"loc":{"start":{"line":49,"column":65},"end":{"line":73,"column":2}}},"7":{"name":"(anonymous_14)","decl":{"start":{"line":49,"column":65},"end":{"line":49,"column":null}},"loc":{"start":{"line":49,"column":65},"end":{"line":73,"column":1}}},"8":{"name":"(anonymous_15)","decl":{"start":{"line":75,"column":27},"end":{"line":75,"column":34}},"loc":{"start":{"line":75,"column":65},"end":{"line":92,"column":2}}},"9":{"name":"(anonymous_16)","decl":{"start":{"line":75,"column":65},"end":{"line":75,"column":null}},"loc":{"start":{"line":75,"column":65},"end":{"line":92,"column":1}}}},"branchMap":{"0":{"loc":{"start":{"line":13,"column":2},"end":{"line":15,"column":null}},"type":"if","locations":[{"start":{"line":13,"column":2},"end":{"line":15,"column":null}}]},"1":{"loc":{"start":{"line":42,"column":2},"end":{"line":46,"column":null}},"type":"if","locations":[{"start":{"line":42,"column":2},"end":{"line":46,"column":null}},{"start":{"line":44,"column":9},"end":{"line":46,"column":null}}]},"2":{"loc":{"start":{"line":57,"column":2},"end":{"line":72,"column":null}},"type":"if","locations":[{"start":{"line":57,"column":2},"end":{"line":72,"column":null}},{"start":{"line":70,"column":9},"end":{"line":72,"column":null}}]},"3":{"loc":{"start":{"line":82,"column":2},"end":{"line":91,"column":null}},"type":"if","locations":[{"start":{"line":82,"column":2},"end":{"line":91,"column":null}},{"start":{"line":89,"column":9},"end":{"line":91,"column":null}}]}},"s":{"0":1,"1":1,"2":1,"3":3,"4":3,"5":3,"6":3,"7":0,"8":3,"9":3,"10":1,"11":1,"12":0,"13":0,"14":0,"15":1,"16":1,"17":1,"18":1,"19":1,"20":1,"21":1,"22":0,"23":1,"24":1,"25":1,"26":1,"27":1,"28":1,"29":1,"30":1,"31":1,"32":0,"33":1,"34":1,"35":0,"36":0,"37":0,"38":0,"39":0,"40":0,"41":0,"42":1},"f":{"0":3,"1":3,"2":0,"3":0,"4":1,"5":1,"6":1,"7":1,"8":0,"9":0},"b":{"0":[0],"1":[1,0],"2":[1,0],"3":[0,0]}}
,"C:\\Users\\Juan Lucca\\Desktop\\backendchallenge\\src\\errors\\AppError.ts": {"path":"C:\\Users\\Juan Lucca\\Desktop\\backendchallenge\\src\\errors\\AppError.ts","statementMap":{"0":{"start":{"line":6,"column":4},"end":{"line":6,"column":19}},"1":{"start":{"line":7,"column":4},"end":{"line":7,"column":33}},"2":{"start":{"line":1,"column":0},"end":{"line":1,"column":13}}},"fnMap":{"0":{"name":"(anonymous_0)","decl":{"start":{"line":5,"column":2},"end":{"line":5,"column":14}},"loc":{"start":{"line":5,"column":43},"end":{"line":8,"column":3}}}},"branchMap":{"0":{"loc":{"start":{"line":5,"column":27},"end":{"line":5,"column":43}},"type":"default-arg","locations":[{"start":{"line":5,"column":40},"end":{"line":5,"column":43}}]}},"s":{"0":0,"1":0,"2":1},"f":{"0":0},"b":{"0":[0]}}
,"C:\\Users\\Juan Lucca\\Desktop\\backendchallenge\\src\\prisma\\client.ts": {"path":"C:\\Users\\Juan Lucca\\Desktop\\backendchallenge\\src\\prisma\\client.ts","statementMap":{"0":{"start":{"line":1,"column":0},"end":{"line":1,"column":46}},"1":{"start":{"line":3,"column":13},"end":{"line":3,"column":41}}},"fnMap":{},"branchMap":{},"s":{"0":1,"1":1},"f":{},"b":{}}
,"C:\\Users\\Juan Lucca\\Desktop\\backendchallenge\\src\\routes\\Places.routes.ts": {"path":"C:\\Users\\Juan Lucca\\Desktop\\backendchallenge\\src\\routes\\Places.routes.ts","statementMap":{"0":{"start":{"line":1,"column":0},"end":{"line":1,"column":30}},"1":{"start":{"line":2,"column":0},"end":{"line":2,"column":null}},"2":{"start":{"line":10,"column":21},"end":{"line":10,"column":37}},"3":{"start":{"line":12,"column":0},"end":{"line":12,"column":42}},"4":{"start":{"line":14,"column":0},"end":{"line":14,"column":43}},"5":{"start":{"line":16,"column":0},"end":{"line":16,"column":47}},"6":{"start":{"line":18,"column":0},"end":{"line":18,"column":45}},"7":{"start":{"line":20,"column":0},"end":{"line":20,"column":48}},"8":{"start":{"line":22,"column":0},"end":{"line":22,"column":28}}},"fnMap":{},"branchMap":{},"s":{"0":1,"1":1,"2":1,"3":1,"4":1,"5":1,"6":1,"7":1,"8":1},"f":{},"b":{}}
}
