TN:
SF:src\server.ts
FN:14,(anonymous_1)
FN:28,(anonymous_2)
FNF:2
FNH:1
FNDA:0,(anonymous_1)
FNDA:1,(anonymous_2)
DA:1,1
DA:2,1
DA:3,1
DA:4,1
DA:5,1
DA:6,1
DA:8,1
DA:9,1
DA:10,1
DA:12,1
DA:13,1
DA:14,1
DA:15,0
DA:16,0
DA:22,0
DA:28,1
DA:29,1
DA:32,1
LF:18
LH:15
BRDA:15,0,0,0
BRF:1
BRH:0
end_of_record
TN:
SF:src\controllers\places.controller.ts
FN:6,(anonymous_7)
FN:6,(anonymous_8)
FN:28,(anonymous_9)
FN:28,(anonymous_10)
FN:33,(anonymous_11)
FN:33,(anonymous_12)
FN:49,(anonymous_13)
FN:49,(anonymous_14)
FN:75,(anonymous_15)
FN:75,(anonymous_16)
FNF:10
FNH:6
FNDA:3,(anonymous_7)
FNDA:3,(anonymous_8)
FNDA:0,(anonymous_9)
FNDA:0,(anonymous_10)
FNDA:1,(anonymous_11)
FNDA:1,(anonymous_12)
FNDA:1,(anonymous_13)
FNDA:1,(anonymous_14)
FNDA:0,(anonymous_15)
FNDA:0,(anonymous_16)
DA:3,1
DA:4,1
DA:6,3
DA:7,3
DA:8,3
DA:13,3
DA:14,0
DA:17,3
DA:25,3
DA:28,1
DA:29,0
DA:30,0
DA:33,1
DA:34,1
DA:36,1
DA:42,1
DA:43,1
DA:45,0
DA:49,1
DA:50,1
DA:51,1
DA:53,1
DA:57,1
DA:58,1
DA:69,1
DA:71,0
DA:75,1
DA:76,0
DA:78,0
DA:82,0
DA:83,0
DA:88,0
DA:90,0
LF:33
LH:22
BRDA:13,0,0,0
BRDA:42,1,0,1
BRDA:42,1,1,0
BRDA:57,2,0,1
BRDA:57,2,1,0
BRDA:82,3,0,0
BRDA:82,3,1,0
BRF:7
BRH:2
end_of_record
TN:
SF:src\errors\AppError.ts
FN:5,(anonymous_0)
FNF:1
FNH:0
FNDA:0,(anonymous_0)
DA:1,1
DA:6,0
DA:7,0
LF:3
LH:1
BRDA:5,0,0,0
BRF:1
BRH:0
end_of_record
TN:
SF:src\prisma\client.ts
FNF:0
FNH:0
DA:1,1
DA:3,1
LF:2
LH:2
BRF:0
BRH:0
end_of_record
TN:
SF:src\routes\Places.routes.ts
FNF:0
FNH:0
DA:1,1
DA:2,1
DA:10,1
DA:12,1
DA:14,1
DA:16,1
DA:18,1
DA:20,1
DA:22,1
LF:9
LH:9
BRF:0
BRH:0
end_of_record
